<?xml version="1.0" encoding="UTF-8"?>
<!-- Generated by org.testng.reporters.JUnitXMLReporter -->
<testsuite hostname="FarmLeads-MacBook-Pro-2.local" ignored="0" name="Test" tests="2" failures="1" timestamp="2021-03-14T15:45:36 EDT" time="28.19" errors="0">
  <testcase name="C191_BrowseMarketplaceForageAndStrawComodity" time="9.699" classname="com.farmlead.testcases.HomeMarketPlaceTest">
    <failure type="java.lang.AssertionError">
      <![CDATA[java.lang.AssertionError
at org.junit.Assert.fail(Assert.java:86)
at org.junit.Assert.assertTrue(Assert.java:41)
at org.junit.Assert.assertTrue(Assert.java:52)
at com.farmlead.testcases.HomeMarketPlaceTest.C191_BrowseMarketplaceForageAndStrawComodity(HomeMarketPlaceTest.java:37)
at java.util.ArrayList.forEach(ArrayList.java:1259)
... Removed 31 stack frames]]>
    </failure>
  </testcase> <!-- C191_BrowseMarketplaceForageAndStrawComodity -->
  <testcase name="C191_BrowseMarketplaceForageAndStrawForage" time="9.368" classname="com.farmlead.testcases.HomeMarketPlaceTest"/>
</testsuite> <!-- Test -->
