<?xml version="1.0" encoding="UTF-8"?>
<testng-results skipped="0" failed="1" ignored="0" total="2" passed="1">
  <reporter-output>
  </reporter-output>
  <suite name="Suite" duration-ms="28190" started-at="2021-03-14T15:45:02 EDT" finished-at="2021-03-14T15:45:31 EDT">
    <groups>
    </groups>
    <test name="Test" duration-ms="28190" started-at="2021-03-14T15:45:02 EDT" finished-at="2021-03-14T15:45:31 EDT">
      <class name="com.farmlead.testcases.HomeMarketPlaceTest">
        <test-method status="PASS" signature="beforeMethod()[pri:0, instance:com.farmlead.testcases.HomeMarketPlaceTest@363ee3a2]" name="beforeMethod" is-config="true" duration-ms="2537" started-at="2021-03-14T15:45:02 EDT" finished-at="2021-03-14T15:45:05 EDT">
          <reporter-output>
          </reporter-output>
        </test-method> <!-- beforeMethod -->
        <test-method status="FAIL" signature="C191_BrowseMarketplaceForageAndStrawComodity(java.lang.String, java.lang.String)[pri:0, instance:com.farmlead.testcases.HomeMarketPlaceTest@363ee3a2]" name="C191_BrowseMarketplaceForageAndStrawComodity" duration-ms="9699" started-at="2021-03-14T15:45:05 EDT" finished-at="2021-03-14T15:45:15 EDT">
          <params>
            <param index="0">
              <value>
                <![CDATA[z.mehta@farmlead.com]]>
              </value>
            </param>
            <param index="1">
              <value>
                <![CDATA[ZalakK-26]]>
              </value>
            </param>
          </params>
          <exception class="java.lang.AssertionError">
            <full-stacktrace>
              <![CDATA[java.lang.AssertionError
at org.junit.Assert.fail(Assert.java:86)
at org.junit.Assert.assertTrue(Assert.java:41)
at org.junit.Assert.assertTrue(Assert.java:52)
at com.farmlead.testcases.HomeMarketPlaceTest.C191_BrowseMarketplaceForageAndStrawComodity(HomeMarketPlaceTest.java:37)
at sun.reflect.NativeMethodAccessorImpl.invoke0(Native Method)
at sun.reflect.NativeMethodAccessorImpl.invoke(NativeMethodAccessorImpl.java:62)
at sun.reflect.DelegatingMethodAccessorImpl.invoke(DelegatingMethodAccessorImpl.java:43)
at java.lang.reflect.Method.invoke(Method.java:498)
at org.testng.internal.MethodInvocationHelper.invokeMethod(MethodInvocationHelper.java:132)
at org.testng.internal.TestInvoker.invokeMethod(TestInvoker.java:599)
at org.testng.internal.TestInvoker.invokeTestMethod(TestInvoker.java:174)
at org.testng.internal.MethodRunner.runInSequence(MethodRunner.java:46)
at org.testng.internal.TestInvoker$MethodInvocationAgent.invoke(TestInvoker.java:822)
at org.testng.internal.TestInvoker.invokeTestMethods(TestInvoker.java:147)
at org.testng.internal.TestMethodWorker.invokeTestMethods(TestMethodWorker.java:146)
at org.testng.internal.TestMethodWorker.run(TestMethodWorker.java:128)
at java.util.ArrayList.forEach(ArrayList.java:1259)
at org.testng.TestRunner.privateRun(TestRunner.java:764)
at org.testng.TestRunner.run(TestRunner.java:585)
at org.testng.SuiteRunner.runTest(SuiteRunner.java:384)
at org.testng.SuiteRunner.runSequentially(SuiteRunner.java:378)
at org.testng.SuiteRunner.privateRun(SuiteRunner.java:337)
at org.testng.SuiteRunner.run(SuiteRunner.java:286)
at org.testng.SuiteRunnerWorker.runSuite(SuiteRunnerWorker.java:53)
at org.testng.SuiteRunnerWorker.run(SuiteRunnerWorker.java:96)
at org.testng.TestNG.runSuitesSequentially(TestNG.java:1218)
at org.testng.TestNG.runSuitesLocally(TestNG.java:1140)
at org.testng.TestNG.runSuites(TestNG.java:1069)
at org.testng.TestNG.run(TestNG.java:1037)
at org.apache.maven.surefire.testng.TestNGExecutor.run(TestNGExecutor.java:284)
at org.apache.maven.surefire.testng.TestNGXmlTestSuite.execute(TestNGXmlTestSuite.java:75)
at org.apache.maven.surefire.testng.TestNGProvider.invoke(TestNGProvider.java:119)
at org.apache.maven.surefire.booter.ForkedBooter.runSuitesInProcess(ForkedBooter.java:428)
at org.apache.maven.surefire.booter.ForkedBooter.execute(ForkedBooter.java:162)
at org.apache.maven.surefire.booter.ForkedBooter.run(ForkedBooter.java:562)
at org.apache.maven.surefire.booter.ForkedBooter.main(ForkedBooter.java:548)
]]>
            </full-stacktrace>
          </exception> <!-- java.lang.AssertionError -->
          <reporter-output>
          </reporter-output>
        </test-method> <!-- C191_BrowseMarketplaceForageAndStrawComodity -->
        <test-method status="PASS" signature="afterMethod()[pri:0, instance:com.farmlead.testcases.HomeMarketPlaceTest@363ee3a2]" name="afterMethod" is-config="true" duration-ms="103" started-at="2021-03-14T15:45:17 EDT" finished-at="2021-03-14T15:45:17 EDT">
          <reporter-output>
          </reporter-output>
        </test-method> <!-- afterMethod -->
        <test-method status="PASS" signature="beforeMethod()[pri:0, instance:com.farmlead.testcases.HomeMarketPlaceTest@363ee3a2]" name="beforeMethod" is-config="true" duration-ms="1422" started-at="2021-03-14T15:45:17 EDT" finished-at="2021-03-14T15:45:19 EDT">
          <reporter-output>
          </reporter-output>
        </test-method> <!-- beforeMethod -->
        <test-method status="PASS" signature="C191_BrowseMarketplaceForageAndStrawForage(java.lang.String, java.lang.String)[pri:0, instance:com.farmlead.testcases.HomeMarketPlaceTest@363ee3a2]" name="C191_BrowseMarketplaceForageAndStrawForage" duration-ms="9368" started-at="2021-03-14T15:45:19 EDT" finished-at="2021-03-14T15:45:28 EDT">
          <params>
            <param index="0">
              <value>
                <![CDATA[z.mehta@farmlead.com]]>
              </value>
            </param>
            <param index="1">
              <value>
                <![CDATA[ZalakK-26]]>
              </value>
            </param>
          </params>
          <reporter-output>
          </reporter-output>
        </test-method> <!-- C191_BrowseMarketplaceForageAndStrawForage -->
        <test-method status="PASS" signature="afterMethod()[pri:0, instance:com.farmlead.testcases.HomeMarketPlaceTest@363ee3a2]" name="afterMethod" is-config="true" duration-ms="106" started-at="2021-03-14T15:45:31 EDT" finished-at="2021-03-14T15:45:31 EDT">
          <reporter-output>
          </reporter-output>
        </test-method> <!-- afterMethod -->
      </class> <!-- com.farmlead.testcases.HomeMarketPlaceTest -->
    </test> <!-- Test -->
  </suite> <!-- Suite -->
</testng-results>
